2017/05/17 00:44:27 Starting....
2017/05/17 00:44:31 Getting: https://blog.reimu.net/archives/17612 【N47072】[喵萌奶茶屋字幕] ヤレる子！電車エッチ ＃02 留学生はオタク女子
2017/05/17 00:45:36 Getting: https://blog.reimu.net/archives/1350 【公告】御所服务器故障
2017/05/17 00:45:46 Finish :  2
2017/05/17 00:51:10 Starting....
2017/05/17 00:52:18 Getting: https://blog.reimu.net/archives/1350 【公告】御所服务器故障
2017/05/17 00:52:25 Finish :  1
2017/05/17 00:55:25 Starting....
2017/05/17 00:56:43 Getting: https://blog.reimu.net/archives/1350 【公告】御所服务器故障
2017/05/17 00:56:49 Finish :  1
2017/05/17 00:58:07 Starting....
2017/05/17 00:59:12 Getting: https://blog.reimu.net/archives/1350 【公告】御所服务器故障
2017/05/17 00:59:23 Finish :  1
2017/05/17 01:11:37 Starting....
2017/05/17 01:12:45 Getting: https://blog.reimu.net/archives/1350 【公告】御所服务器故障
2017/05/17 01:12:53 Finish :  1
2017/05/17 01:16:31 Starting....
2017/05/17 01:17:42 Getting: https://blog.reimu.net/archives/1350 【公告】御所服务器故障
2017/05/17 01:17:49 Finish :  1
2017/05/22 15:02:54 no reachable servers
